{
  "RSpec": {
    "coverage": {
      "/home/victor/rails/pg_partitioning/spec/dummy/config/environment.rb": [
        null,
        1,
        null,
        null,
        1
      ],
      "/home/victor/rails/pg_partitioning/spec/dummy/config/application.rb": [
        1,
        null,
        null,
        1,
        1,
        1,
        1,
        1,
        null,
        null,
        1,
        1,
        null,
        1,
        1,
        null,
        null,
        null,
        null,
        null,
        null,
        null,
        null,
        null,
        null,
        null,
        null,
        null,
        1,
        null,
        null,
        null
      ],
      "/home/victor/rails/pg_partitioning/spec/dummy/config/boot.rb": [
        null,
        1,
        null,
        1,
        1
      ],
      "/home/victor/rails/pg_partitioning/lib/pg_partitioning.rb": [
        1,
        1,
        null,
        null
      ],
      "/home/victor/rails/pg_partitioning/spec/dummy/config/environments/test.rb": [
        1,
        null,
        null,
        null,
        null,
        null,
        null,
        1,
        null,
        null,
        null,
        null,
        1,
        null,
        null,
        1,
        1,
        null,
        null,
        1,
        1,
        null,
        null,
        1,
        null,
        null,
        1,
        null,
        null,
        null,
        null,
        1,
        null,
        null,
        1,
        null,
        null,
        1,
        null,
        null,
        null,
        null
      ],
      "/home/victor/rails/pg_partitioning/spec/dummy/config/initializers/assets.rb": [
        null,
        null,
        null,
        1,
        null,
        null,
        null,
        null,
        null,
        null,
        null
      ],
      "/home/victor/rails/pg_partitioning/spec/dummy/config/initializers/backtrace_silencers.rb": [
        null,
        null,
        null,
        null,
        null,
        null,
        null
      ],
      "/home/victor/rails/pg_partitioning/spec/dummy/config/initializers/cookies_serializer.rb": [
        null,
        null,
        1
      ],
      "/home/victor/rails/pg_partitioning/spec/dummy/config/initializers/filter_parameter_logging.rb": [
        null,
        null,
        null,
        1
      ],
      "/home/victor/rails/pg_partitioning/spec/dummy/config/initializers/inflections.rb": [
        null,
        null,
        null,
        null,
        null,
        null,
        null,
        null,
        null,
        null,
        null,
        null,
        null,
        null,
        null,
        null
      ],
      "/home/victor/rails/pg_partitioning/spec/dummy/config/initializers/mime_types.rb": [
        null,
        null,
        null,
        null
      ],
      "/home/victor/rails/pg_partitioning/spec/dummy/config/initializers/session_store.rb": [
        null,
        null,
        1
      ],
      "/home/victor/rails/pg_partitioning/spec/dummy/config/initializers/wrap_parameters.rb": [
        null,
        null,
        null,
        null,
        null,
        null,
        1,
        1,
        null,
        null,
        null,
        null,
        null,
        null
      ],
      "/home/victor/rails/pg_partitioning/spec/dummy/config/routes.rb": [
        1,
        null,
        null,
        null,
        null,
        null,
        null,
        null,
        null,
        null,
        null,
        null,
        null,
        null,
        null,
        null,
        null,
        null,
        null,
        null,
        null,
        null,
        null,
        null,
        null,
        null,
        null,
        null,
        null,
        null,
        null,
        null,
        null,
        null,
        null,
        null,
        null,
        null,
        null,
        null,
        null,
        null,
        null,
        null,
        null,
        null,
        null,
        null,
        null,
        null,
        null,
        null,
        null,
        null,
        null,
        null
      ],
      "/home/victor/rails/pg_partitioning/spec/factories/bandits.rb": [
        1,
        1,
        1,
        1,
        1,
        1,
        null,
        1,
        1,
        1,
        1,
        null,
        null,
        1,
        1,
        1,
        1,
        null,
        null,
        1,
        1,
        null,
        null
      ],
      "/home/victor/rails/pg_partitioning/spec/factories/crimes.rb": [
        1,
        1,
        1,
        1,
        null,
        null
      ],
      "/home/victor/rails/pg_partitioning/spec/factories/gangs.rb": [
        1,
        1,
        1,
        null,
        null
      ],
      "/home/victor/rails/pg_partitioning/spec/spec_helper.rb": [
        null,
        null,
        null,
        null,
        null,
        null,
        null,
        null,
        null,
        null,
        null,
        null,
        null,
        null,
        null,
        null,
        null,
        null,
        1,
        null,
        null,
        null,
        1,
        null,
        null,
        null,
        null,
        null,
        null,
        null,
        1,
        null,
        null,
        null,
        null,
        1,
        null,
        null,
        null,
        1,
        null,
        null,
        null,
        null,
        null,
        null,
        null,
        null,
        null,
        null,
        null,
        null,
        null,
        null,
        null,
        null,
        null,
        null,
        null,
        null,
        null,
        null,
        null,
        null,
        null,
        null,
        null,
        null,
        null,
        null,
        null,
        null,
        null,
        null,
        null,
        null,
        null,
        null,
        null,
        null,
        null,
        null,
        null,
        null,
        null,
        null,
        null,
        null,
        null,
        null,
        null,
        null
      ],
      "/home/victor/rails/pg_partitioning/spec/dummy/app/helpers/application_helper.rb": [
        1,
        null
      ],
      "/home/victor/rails/pg_partitioning/spec/db_helpers.rb": [
        1,
        1,
        24,
        null,
        null,
        null,
        24,
        null,
        null,
        1,
        3,
        null,
        null,
        null,
        null,
        3,
        3,
        3,
        null,
        3,
        null,
        null,
        1,
        3,
        null,
        null,
        null,
        null,
        3,
        3,
        3,
        null,
        3,
        null,
        null,
        null
      ],
      "/home/victor/rails/pg_partitioning/spec/shared_examples.rb": [
        1,
        3,
        3,
        15,
        15,
        15,
        null,
        null,
        3,
        3,
        null,
        null,
        3,
        3,
        null,
        null,
        3,
        12,
        null,
        null,
        3,
        9,
        null,
        6,
        6,
        null,
        null,
        null
      ],
      "/home/victor/rails/pg_partitioning/spec/dummy/app/models/bandit.rb": [
        1,
        1,
        1,
        null
      ],
      "/home/victor/rails/pg_partitioning/spec/models/crime_spec.rb": [
        1,
        null,
        1,
        3,
        null,
        2,
        2,
        null,
        2,
        null
      ],
      "/home/victor/rails/pg_partitioning/spec/dummy/app/models/crime.rb": [
        1,
        1,
        null
      ],
      "/home/victor/rails/pg_partitioning/spec/models/gang_spec.rb": [
        1,
        null,
        1,
        3,
        null,
        2,
        2,
        null,
        2,
        null
      ],
      "/home/victor/rails/pg_partitioning/spec/dummy/app/models/gang.rb": [
        1,
        1,
        null
      ],
      "/home/victor/rails/pg_partitioning/spec/partitioning_master_spec.rb": [
        1,
        null,
        1,
        37,
        15,
        4,
        null,
        4,
        null,
        2,
        2,
        2,
        null,
        1,
        1,
        11,
        11,
        null,
        null,
        2,
        null,
        1,
        null,
        1,
        null,
        1,
        1,
        3,
        3,
        3,
        3,
        3,
        null,
        null,
        2,
        2,
        2,
        null,
        null,
        1,
        1,
        1,
        1,
        2,
        null,
        null,
        1,
        1,
        1,
        2,
        null,
        null,
        null,
        null,
        null,
        1,
        1,
        11,
        null,
        null,
        2,
        null,
        1,
        null,
        1,
        null,
        1,
        1,
        3,
        3,
        3,
        3,
        3,
        null,
        null,
        2,
        2,
        2,
        null,
        null,
        1,
        1,
        1,
        1,
        2,
        null,
        null,
        1,
        1,
        1,
        2,
        null,
        null,
        null,
        null,
        null,
        1,
        1,
        11,
        null,
        null,
        2,
        null,
        1,
        null,
        1,
        null,
        1,
        1,
        3,
        3,
        3,
        3,
        3,
        null,
        null,
        2,
        2,
        2,
        null,
        null,
        1,
        1,
        1,
        1,
        2,
        null,
        null,
        1,
        1,
        1,
        2,
        null,
        null,
        null,
        null,
        null
      ],
      "/home/victor/rails/pg_partitioning/lib/pg_partitioning/partitioning_master.rb": [
        1,
        1,
        1,
        1,
        null,
        1,
        1,
        1,
        null,
        1,
        null,
        1,
        42,
        42,
        42,
        42,
        null,
        42,
        42,
        null,
        null,
        1,
        24,
        null,
        24,
        24,
        null,
        24,
        null,
        0,
        null,
        null,
        1,
        1,
        24,
        null,
        null,
        null,
        null,
        null,
        null,
        24,
        24,
        null,
        null,
        24,
        24,
        null,
        null,
        24,
        null,
        null,
        1,
        24,
        48,
        24,
        0,
        null,
        null,
        null,
        null
      ],
      "/home/victor/rails/pg_partitioning/lib/pg_partitioning/strategies/equal.rb": [
        1,
        null,
        1,
        1,
        1,
        null,
        1,
        null,
        1,
        8,
        null,
        null,
        null,
        null,
        null,
        null,
        null,
        null,
        null,
        null,
        null,
        null,
        null,
        null,
        null,
        null,
        null,
        null,
        null,
        null,
        8,
        null,
        null,
        null,
        null,
        null
      ],
      "/home/victor/rails/pg_partitioning/lib/pg_partitioning/strategies/base.rb": [
        1,
        null,
        1,
        1,
        1,
        1,
        null,
        1,
        42,
        42,
        42,
        42,
        null,
        null,
        1,
        30,
        24,
        24,
        24,
        24,
        null,
        null,
        1,
        null,
        1,
        30,
        30,
        30,
        null,
        null,
        1,
        6,
        null,
        null,
        1,
        30,
        null,
        null,
        30,
        28,
        null,
        30,
        null,
        null,
        1,
        48,
        48,
        null,
        null,
        48,
        null,
        null,
        1,
        48,
        null,
        null,
        1,
        24,
        null,
        null,
        null,
        null,
        null,
        null,
        null,
        24,
        null,
        null,
        null,
        null
      ],
      "/home/victor/rails/pg_partitioning/lib/pg_partitioning/strategies/date.rb": [
        1,
        null,
        1,
        1,
        1,
        null,
        1,
        null,
        1,
        10,
        10,
        1,
        null,
        1,
        null,
        null,
        10,
        null,
        null,
        1,
        8,
        8,
        null,
        null,
        null,
        null,
        null,
        8,
        40,
        40,
        null,
        8,
        8,
        null,
        null,
        1,
        8,
        null,
        null,
        null,
        null,
        null,
        null,
        null,
        null,
        null,
        null,
        null,
        null,
        null,
        null,
        null,
        null,
        null,
        null,
        null,
        null,
        null,
        null,
        null,
        null,
        8,
        null,
        null,
        null,
        null
      ],
      "/home/victor/rails/pg_partitioning/lib/pg_partitioning/strategies/step.rb": [
        1,
        null,
        1,
        1,
        1,
        null,
        1,
        10,
        10,
        1,
        null,
        1,
        null,
        null,
        10,
        null,
        null,
        1,
        null,
        1,
        8,
        null,
        null,
        null,
        null,
        null,
        null,
        null,
        null,
        null,
        null,
        null,
        null,
        null,
        null,
        null,
        null,
        null,
        null,
        null,
        null,
        null,
        null,
        null,
        null,
        8,
        null,
        null,
        null,
        null
      ]
    },
    "timestamp": 1458492739
  }
}
